<?xml version="1.0" encoding="UTF-8"?>
<!-- Generated by org.testng.reporters.JUnitXMLReporter -->
<testsuite ignored="0" hostname="LAPTOP-H6POAKCL" failures="0" tests="7" name="Test" time="82.488" errors="0" timestamp="2022-10-11T20:15:37 IST">
  <testcase classname="com.demo.NewTest" name="closeLogin" time="1.857"/>
  <testcase classname="com.demo.NewTest" name="scroll" time="6.746"/>
  <testcase classname="com.demo.NewTest" name="searchProduct" time="5.716"/>
  <testcase classname="com.demo.NewTest" name="loadImage" time="13.548"/>
  <testcase classname="com.demo.NewTest" name="scrollFrequency" time="2.354"/>
  <testcase classname="com.demo.NewTest" name="downloadImages" time="0.295"/>
  <testcase classname="com.demo.NewTest" name="screenResolution" time="7.94"/>
</testsuite> <!-- Test -->
