<?xml version="1.0" encoding="UTF-8"?>
<!-- Generated by org.testng.reporters.JUnitXMLReporter -->
<testsuite ignored="0" hostname="LAPTOP-1LDETTC6" failures="0" tests="7" name="Default test" time="65.241" errors="0" timestamp="2022-10-11T15:47:57 IST">
  <testcase classname="com.demo.FlipkartTestChrome" name="closeLogin" time="1.821"/>
  <testcase classname="com.demo.FlipkartTestChrome" name="scroll" time="6.551"/>
  <testcase classname="com.demo.FlipkartTestChrome" name="searchProduct" time="5.859"/>
  <testcase classname="com.demo.FlipkartTestChrome" name="loadImage" time="23.912"/>
  <testcase classname="com.demo.FlipkartTestChrome" name="scrollFrequency" time="4.033"/>
  <testcase classname="com.demo.FlipkartTestChrome" name="downloadImages" time="0.711"/>
  <testcase classname="com.demo.FlipkartTestChrome" name="screenResolution" time="8.415"/>
</testsuite> <!-- Default test -->
