<?xml version="1.0" encoding="UTF-8"?>
<testng-results ignored="0" total="7" passed="7" failed="0" skipped="0">
  <reporter-output>
  </reporter-output>
  <suite started-at="2022-10-11T20:14:14 IST" name="Suite" finished-at="2022-10-11T20:15:37 IST" duration-ms="82488">
    <groups>
    </groups>
    <test started-at="2022-10-11T20:14:14 IST" name="Test" finished-at="2022-10-11T20:15:37 IST" duration-ms="82488">
      <class name="com.demo.NewTest">
        <test-method is-config="true" signature="beforeClass(java.lang.String)[pri:0, instance:com.demo.NewTest@431cd9b2]" started-at="2022-10-11T20:14:14 IST" name="beforeClass" finished-at="2022-10-11T20:14:58 IST" duration-ms="43986" status="PASS">
          <params>
            <param index="0">
              <value>
                <![CDATA[chrome]]>
              </value>
            </param>
          </params>
          <reporter-output>
          </reporter-output>
        </test-method> <!-- beforeClass -->
        <test-method signature="closeLogin()[pri:1, instance:com.demo.NewTest@431cd9b2]" started-at="2022-10-11T20:14:58 IST" name="closeLogin" finished-at="2022-10-11T20:15:00 IST" duration-ms="1857" status="PASS">
          <reporter-output>
          </reporter-output>
        </test-method> <!-- closeLogin -->
        <test-method signature="scroll()[pri:2, instance:com.demo.NewTest@431cd9b2]" started-at="2022-10-11T20:15:00 IST" name="scroll" finished-at="2022-10-11T20:15:07 IST" duration-ms="6746" status="PASS">
          <reporter-output>
          </reporter-output>
        </test-method> <!-- scroll -->
        <test-method signature="searchProduct()[pri:3, instance:com.demo.NewTest@431cd9b2]" started-at="2022-10-11T20:15:07 IST" name="searchProduct" finished-at="2022-10-11T20:15:13 IST" duration-ms="5716" status="PASS">
          <reporter-output>
          </reporter-output>
        </test-method> <!-- searchProduct -->
        <test-method signature="loadImage()[pri:4, instance:com.demo.NewTest@431cd9b2]" started-at="2022-10-11T20:15:13 IST" name="loadImage" finished-at="2022-10-11T20:15:26 IST" duration-ms="13548" status="PASS">
          <reporter-output>
          </reporter-output>
        </test-method> <!-- loadImage -->
        <test-method signature="scrollFrequency()[pri:5, instance:com.demo.NewTest@431cd9b2]" started-at="2022-10-11T20:15:26 IST" name="scrollFrequency" finished-at="2022-10-11T20:15:29 IST" duration-ms="2354" status="PASS">
          <reporter-output>
          </reporter-output>
        </test-method> <!-- scrollFrequency -->
        <test-method signature="downloadImages()[pri:6, instance:com.demo.NewTest@431cd9b2]" started-at="2022-10-11T20:15:29 IST" name="downloadImages" finished-at="2022-10-11T20:15:29 IST" duration-ms="295" status="PASS">
          <reporter-output>
          </reporter-output>
        </test-method> <!-- downloadImages -->
        <test-method signature="screenResolution()[pri:7, instance:com.demo.NewTest@431cd9b2]" started-at="2022-10-11T20:15:29 IST" name="screenResolution" finished-at="2022-10-11T20:15:37 IST" duration-ms="7940" status="PASS">
          <reporter-output>
          </reporter-output>
        </test-method> <!-- screenResolution -->
        <test-method is-config="true" signature="afterClass()[pri:0, instance:com.demo.NewTest@431cd9b2]" started-at="2022-10-11T20:15:37 IST" name="afterClass" finished-at="2022-10-11T20:15:37 IST" duration-ms="0" status="PASS">
          <reporter-output>
          </reporter-output>
        </test-method> <!-- afterClass -->
      </class> <!-- com.demo.NewTest -->
    </test> <!-- Test -->
  </suite> <!-- Suite -->
</testng-results>
